<?xml version="1.0" encoding="UTF-8"?>
<testsuite name="de.tum.in.ase.eist.PersonServiceTest" tests="4" skipped="0" failures="0" errors="0" timestamp="2023-08-01T07:41:59" hostname="MIRZA-SURFACE-8" time="3.046">
  <properties/>
  <testcase name="testAddThreeParents()" classname="de.tum.in.ase.eist.PersonServiceTest" time="0.783"/>
  <testcase name="testDeletePerson()" classname="de.tum.in.ase.eist.PersonServiceTest" time="0.724"/>
  <testcase name="testAddParent()" classname="de.tum.in.ase.eist.PersonServiceTest" time="0.733"/>
  <testcase name="testAddPerson()" classname="de.tum.in.ase.eist.PersonServiceTest" time="0.802"/>
  <system-out><![CDATA[2023-08-01T09:41:59.868+02:00  INFO 8676 --- [    Test worker] .b.t.c.SpringBootTestContextBootstrapper : Neither @ContextConfiguration nor @ContextHierarchy found for test class [de.tum.in.ase.eist.PersonServiceTest], using SpringBootContextLoader
2023-08-01T09:41:59.869+02:00  INFO 8676 --- [    Test worker] o.s.t.c.support.AbstractContextLoader    : Could not detect default resource locations for test class [de.tum.in.ase.eist.PersonServiceTest]: no resource found for suffixes {-context.xml, Context.groovy}.
2023-08-01T09:41:59.869+02:00  INFO 8676 --- [    Test worker] t.c.s.AnnotationConfigContextLoaderUtils : Could not detect default configuration classes for test class [de.tum.in.ase.eist.PersonServiceTest]: PersonServiceTest does not declare any static, non-private, non-final, nested classes annotated with @Configuration.
2023-08-01T09:41:59.873+02:00  INFO 8676 --- [    Test worker] .b.t.c.SpringBootTestContextBootstrapper : Found @SpringBootConfiguration de.tum.in.ase.eist.Application for test class de.tum.in.ase.eist.PersonServiceTest
2023-08-01T09:41:59.875+02:00  INFO 8676 --- [    Test worker] .b.t.c.SpringBootTestContextBootstrapper : Loaded default TestExecutionListener class names from location [META-INF/spring.factories]: [org.springframework.boot.test.autoconfigure.restdocs.RestDocsTestExecutionListener, org.springframework.boot.test.autoconfigure.web.client.MockRestServiceServerResetTestExecutionListener, org.springframework.boot.test.autoconfigure.web.servlet.MockMvcPrintOnlyOnFailureTestExecutionListener, org.springframework.boot.test.autoconfigure.web.servlet.WebDriverTestExecutionListener, org.springframework.boot.test.autoconfigure.webservices.client.MockWebServiceServerTestExecutionListener, org.springframework.boot.test.mock.mockito.MockitoTestExecutionListener, org.springframework.boot.test.mock.mockito.ResetMocksTestExecutionListener, org.springframework.test.context.web.ServletTestExecutionListener, org.springframework.test.context.support.DirtiesContextBeforeModesTestExecutionListener, org.springframework.test.context.event.ApplicationEventsTestExecutionListener, org.springframework.test.context.support.DependencyInjectionTestExecutionListener, org.springframework.test.context.support.DirtiesContextTestExecutionListener, org.springframework.test.context.transaction.TransactionalTestExecutionListener, org.springframework.test.context.jdbc.SqlScriptsTestExecutionListener, org.springframework.test.context.event.EventPublishingTestExecutionListener]
2023-08-01T09:41:59.875+02:00  INFO 8676 --- [    Test worker] .b.t.c.SpringBootTestContextBootstrapper : Using TestExecutionListeners: [org.springframework.test.context.web.ServletTestExecutionListener@2365facb, org.springframework.test.context.support.DirtiesContextBeforeModesTestExecutionListener@65b9ebee, org.springframework.test.context.event.ApplicationEventsTestExecutionListener@7e2cebdf, org.springframework.boot.test.mock.mockito.MockitoTestExecutionListener@25c5fc41, org.springframework.boot.test.autoconfigure.SpringBootDependencyInjectionTestExecutionListener@29fae990, org.springframework.test.context.support.DirtiesContextTestExecutionListener@33681da, org.springframework.test.context.transaction.TransactionalTestExecutionListener@1a5df070, org.springframework.test.context.jdbc.SqlScriptsTestExecutionListener@1070308e, org.springframework.test.context.event.EventPublishingTestExecutionListener@6eb8fd79, org.springframework.boot.test.autoconfigure.restdocs.RestDocsTestExecutionListener@59b78925, org.springframework.boot.test.autoconfigure.web.client.MockRestServiceServerResetTestExecutionListener@2c1c3c13, org.springframework.boot.test.autoconfigure.web.servlet.MockMvcPrintOnlyOnFailureTestExecutionListener@3df99d5e, org.springframework.boot.test.autoconfigure.web.servlet.WebDriverTestExecutionListener@1483ecad, org.springframework.boot.test.autoconfigure.webservices.client.MockWebServiceServerTestExecutionListener@7118a1b9, org.springframework.boot.test.mock.mockito.ResetMocksTestExecutionListener@3ca9e72d]
2023-08-01T09:41:59.891+02:00  INFO 8676 --- [    Test worker] j.LocalContainerEntityManagerFactoryBean : Closing JPA EntityManagerFactory for persistence unit 'default'

  .   ____          _            __ _ _
 /\\ / ___'_ __ _ _(_)_ __  __ _ \ \ \ \
( ( )\___ | '_ | '_| | '_ \/ _` | \ \ \ \
 \\/  ___)| |_)| | | | | || (_| |  ) ) ) )
  '  |____| .__|_| |_|_| |_\__, | / / / /
 =========|_|==============|___/=/_/_/_/
 :: Spring Boot ::             (v3.0.0-M3)

2023-08-01T09:41:59.921+02:00  INFO 8676 --- [    Test worker] de.tum.in.ase.eist.PersonServiceTest     : Starting PersonServiceTest using Java 17.0.5 on MIRZA-SURFACE-8 with PID 8676 (started by mirza in C:\PROJEKTE\University\EIST\eist23h10e01-ge94gew)
2023-08-01T09:41:59.922+02:00  INFO 8676 --- [    Test worker] de.tum.in.ase.eist.PersonServiceTest     : No active profile set, falling back to 1 default profile: "default"
2023-08-01T09:42:00.104+02:00  INFO 8676 --- [    Test worker] .s.d.r.c.RepositoryConfigurationDelegate : Bootstrapping Spring Data JPA repositories in DEFAULT mode.
2023-08-01T09:42:00.113+02:00  INFO 8676 --- [    Test worker] .s.d.r.c.RepositoryConfigurationDelegate : Finished Spring Data repository scanning in 8 ms. Found 1 JPA repository interfaces.
2023-08-01T09:42:00.140+02:00  INFO 8676 --- [    Test worker] beddedDataSourceBeanFactoryPostProcessor : Replacing 'dataSource' DataSource bean with embedded version
2023-08-01T09:42:00.202+02:00  INFO 8676 --- [    Test worker] o.s.b.w.embedded.tomcat.TomcatWebServer  : Tomcat initialized with port(s): 0 (http)
2023-08-01T09:42:00.203+02:00  INFO 8676 --- [    Test worker] o.apache.catalina.core.StandardService   : Starting service [Tomcat]
2023-08-01T09:42:00.203+02:00  INFO 8676 --- [    Test worker] org.apache.catalina.core.StandardEngine  : Starting Servlet engine: [Apache Tomcat/10.0.21]
2023-08-01T09:42:00.232+02:00  INFO 8676 --- [    Test worker] o.a.c.c.C.[Tomcat].[localhost].[/]       : Initializing Spring embedded WebApplicationContext
2023-08-01T09:42:00.232+02:00  INFO 8676 --- [    Test worker] w.s.c.ServletWebServerApplicationContext : Root WebApplicationContext: initialization completed in 308 ms
2023-08-01T09:42:00.246+02:00  INFO 8676 --- [    Test worker] o.s.j.d.e.EmbeddedDatabaseFactory        : Starting embedded database: url='jdbc:h2:mem:207981e3-fb67-4216-a9bd-e1fa3bc2909b;DB_CLOSE_DELAY=-1;DB_CLOSE_ON_EXIT=false', username='sa'
2023-08-01T09:42:00.251+02:00  INFO 8676 --- [    Test worker] liquibase.database                       : Set default schema name to PUBLIC
2023-08-01T09:42:00.262+02:00  INFO 8676 --- [    Test worker] liquibase.lockservice                    : Changelog-Protokoll erfolgreich gesperrt.
2023-08-01T09:42:00.299+02:00  INFO 8676 --- [    Test worker] liquibase.changelog                      : Creating database history table with name: PUBLIC.DATABASECHANGELOG
2023-08-01T09:42:00.301+02:00  INFO 8676 --- [    Test worker] liquibase.changelog                      : Reading from PUBLIC.DATABASECHANGELOG
Running Changeset: liquibase/changelog/initial.xml::1::timor-morrien
2023-08-01T09:42:00.315+02:00  INFO 8676 --- [    Test worker] liquibase.changelog                      : Table person created
2023-08-01T09:42:00.315+02:00  INFO 8676 --- [    Test worker] liquibase.changelog                      : ChangeSet liquibase/changelog/initial.xml::1::timor-morrien ran successfully in 3ms
Running Changeset: liquibase/changelog/2022-06-01.xml::2::timor-morrien
2023-08-01T09:42:00.320+02:00  INFO 8676 --- [    Test worker] liquibase.changelog                      : Table person_parent_child created
2023-08-01T09:42:00.323+02:00  INFO 8676 --- [    Test worker] liquibase.changelog                      : Foreign key constraint added to person_parent_child (parent_id)
2023-08-01T09:42:00.326+02:00  INFO 8676 --- [    Test worker] liquibase.changelog                      : Foreign key constraint added to person_parent_child (child_id)
2023-08-01T09:42:00.327+02:00  INFO 8676 --- [    Test worker] liquibase.changelog                      : Primary key added to person_parent_child (parent_id,child_id)
2023-08-01T09:42:00.328+02:00  INFO 8676 --- [    Test worker] liquibase.changelog                      : ChangeSet liquibase/changelog/2022-06-01.xml::2::timor-morrien ran successfully in 10ms
2023-08-01T09:42:00.332+02:00  INFO 8676 --- [    Test worker] liquibase.lockservice                    : Successfully released change log lock
2023-08-01T09:42:00.353+02:00  INFO 8676 --- [    Test worker] o.hibernate.jpa.internal.util.LogHelper  : HHH000204: Processing PersistenceUnitInfo [name: default]
2023-08-01T09:42:00.361+02:00  INFO 8676 --- [    Test worker] org.hibernate.dialect.Dialect            : HHH000400: Using dialect: org.hibernate.dialect.MySQL8Dialect
2023-08-01T09:42:00.384+02:00  INFO 8676 --- [    Test worker] o.h.e.t.j.p.i.JtaPlatformInitiator       : HHH000490: Using JtaPlatform implementation: [org.hibernate.engine.transaction.jta.platform.internal.NoJtaPlatform]
2023-08-01T09:42:00.385+02:00  INFO 8676 --- [    Test worker] j.LocalContainerEntityManagerFactoryBean : Initialized JPA EntityManagerFactory for persistence unit 'default'
2023-08-01T09:42:00.527+02:00  WARN 8676 --- [    Test worker] ion$DefaultTemplateResolverConfiguration : Cannot find template location: classpath:/templates/ (please add some templates or check your Thymeleaf configuration)
2023-08-01T09:42:00.550+02:00  INFO 8676 --- [    Test worker] o.a.c.c.C.[Tomcat].[localhost].[/]       : Initializing Spring TestDispatcherServlet ''
2023-08-01T09:42:00.550+02:00  INFO 8676 --- [    Test worker] o.s.t.web.servlet.TestDispatcherServlet  : Initializing Servlet ''
2023-08-01T09:42:00.550+02:00  INFO 8676 --- [    Test worker] o.s.t.web.servlet.TestDispatcherServlet  : Completed initialization in 0 ms
2023-08-01T09:42:00.565+02:00  INFO 8676 --- [    Test worker] o.s.b.w.embedded.tomcat.TomcatWebServer  : Tomcat started on port(s): 56370 (http) with context path ''
2023-08-01T09:42:00.568+02:00  INFO 8676 --- [    Test worker] de.tum.in.ase.eist.PersonServiceTest     : Started PersonServiceTest in 0.674 seconds (process running for 13.807)
2023-08-01T09:42:00.676+02:00  INFO 8676 --- [    Test worker] j.LocalContainerEntityManagerFactoryBean : Closing JPA EntityManagerFactory for persistence unit 'default'

  .   ____          _            __ _ _
 /\\ / ___'_ __ _ _(_)_ __  __ _ \ \ \ \
( ( )\___ | '_ | '_| | '_ \/ _` | \ \ \ \
 \\/  ___)| |_)| | | | | || (_| |  ) ) ) )
  '  |____| .__|_| |_|_| |_\__, | / / / /
 =========|_|==============|___/=/_/_/_/
 :: Spring Boot ::             (v3.0.0-M3)

2023-08-01T09:42:00.708+02:00  INFO 8676 --- [    Test worker] de.tum.in.ase.eist.PersonServiceTest     : Starting PersonServiceTest using Java 17.0.5 on MIRZA-SURFACE-8 with PID 8676 (started by mirza in C:\PROJEKTE\University\EIST\eist23h10e01-ge94gew)
2023-08-01T09:42:00.708+02:00  INFO 8676 --- [    Test worker] de.tum.in.ase.eist.PersonServiceTest     : No active profile set, falling back to 1 default profile: "default"
2023-08-01T09:42:00.887+02:00  INFO 8676 --- [    Test worker] .s.d.r.c.RepositoryConfigurationDelegate : Bootstrapping Spring Data JPA repositories in DEFAULT mode.
2023-08-01T09:42:00.897+02:00  INFO 8676 --- [    Test worker] .s.d.r.c.RepositoryConfigurationDelegate : Finished Spring Data repository scanning in 9 ms. Found 1 JPA repository interfaces.
2023-08-01T09:42:00.916+02:00  INFO 8676 --- [    Test worker] beddedDataSourceBeanFactoryPostProcessor : Replacing 'dataSource' DataSource bean with embedded version
2023-08-01T09:42:00.951+02:00  INFO 8676 --- [    Test worker] o.s.b.w.embedded.tomcat.TomcatWebServer  : Tomcat initialized with port(s): 0 (http)
2023-08-01T09:42:00.951+02:00  INFO 8676 --- [    Test worker] o.apache.catalina.core.StandardService   : Starting service [Tomcat]
2023-08-01T09:42:00.952+02:00  INFO 8676 --- [    Test worker] org.apache.catalina.core.StandardEngine  : Starting Servlet engine: [Apache Tomcat/10.0.21]
2023-08-01T09:42:01.040+02:00  INFO 8676 --- [    Test worker] o.a.c.c.C.[Tomcat].[localhost].[/]       : Initializing Spring embedded WebApplicationContext
2023-08-01T09:42:01.040+02:00  INFO 8676 --- [    Test worker] w.s.c.ServletWebServerApplicationContext : Root WebApplicationContext: initialization completed in 329 ms
2023-08-01T09:42:01.050+02:00  INFO 8676 --- [    Test worker] o.s.j.d.e.EmbeddedDatabaseFactory        : Starting embedded database: url='jdbc:h2:mem:b6e830f2-6fe2-4546-9ee3-7ec33cf3322b;DB_CLOSE_DELAY=-1;DB_CLOSE_ON_EXIT=false', username='sa'
2023-08-01T09:42:01.053+02:00  INFO 8676 --- [    Test worker] liquibase.database                       : Set default schema name to PUBLIC
2023-08-01T09:42:01.063+02:00  INFO 8676 --- [    Test worker] liquibase.lockservice                    : Changelog-Protokoll erfolgreich gesperrt.
2023-08-01T09:42:01.099+02:00  INFO 8676 --- [    Test worker] liquibase.changelog                      : Creating database history table with name: PUBLIC.DATABASECHANGELOG
2023-08-01T09:42:01.102+02:00  INFO 8676 --- [    Test worker] liquibase.changelog                      : Reading from PUBLIC.DATABASECHANGELOG
Running Changeset: liquibase/changelog/initial.xml::1::timor-morrien
2023-08-01T09:42:01.114+02:00  INFO 8676 --- [    Test worker] liquibase.changelog                      : Table person created
2023-08-01T09:42:01.115+02:00  INFO 8676 --- [    Test worker] liquibase.changelog                      : ChangeSet liquibase/changelog/initial.xml::1::timor-morrien ran successfully in 3ms
Running Changeset: liquibase/changelog/2022-06-01.xml::2::timor-morrien
2023-08-01T09:42:01.119+02:00  INFO 8676 --- [    Test worker] liquibase.changelog                      : Table person_parent_child created
2023-08-01T09:42:01.122+02:00  INFO 8676 --- [    Test worker] liquibase.changelog                      : Foreign key constraint added to person_parent_child (parent_id)
2023-08-01T09:42:01.124+02:00  INFO 8676 --- [    Test worker] liquibase.changelog                      : Foreign key constraint added to person_parent_child (child_id)
2023-08-01T09:42:01.125+02:00  INFO 8676 --- [    Test worker] liquibase.changelog                      : Primary key added to person_parent_child (parent_id,child_id)
2023-08-01T09:42:01.126+02:00  INFO 8676 --- [    Test worker] liquibase.changelog                      : ChangeSet liquibase/changelog/2022-06-01.xml::2::timor-morrien ran successfully in 8ms
2023-08-01T09:42:01.129+02:00  INFO 8676 --- [    Test worker] liquibase.lockservice                    : Successfully released change log lock
2023-08-01T09:42:01.148+02:00  INFO 8676 --- [    Test worker] o.hibernate.jpa.internal.util.LogHelper  : HHH000204: Processing PersistenceUnitInfo [name: default]
2023-08-01T09:42:01.156+02:00  INFO 8676 --- [    Test worker] org.hibernate.dialect.Dialect            : HHH000400: Using dialect: org.hibernate.dialect.MySQL8Dialect
2023-08-01T09:42:01.178+02:00  INFO 8676 --- [    Test worker] o.h.e.t.j.p.i.JtaPlatformInitiator       : HHH000490: Using JtaPlatform implementation: [org.hibernate.engine.transaction.jta.platform.internal.NoJtaPlatform]
2023-08-01T09:42:01.179+02:00  INFO 8676 --- [    Test worker] j.LocalContainerEntityManagerFactoryBean : Initialized JPA EntityManagerFactory for persistence unit 'default'
2023-08-01T09:42:01.309+02:00  WARN 8676 --- [    Test worker] ion$DefaultTemplateResolverConfiguration : Cannot find template location: classpath:/templates/ (please add some templates or check your Thymeleaf configuration)
2023-08-01T09:42:01.338+02:00  INFO 8676 --- [    Test worker] o.a.c.c.C.[Tomcat].[localhost].[/]       : Initializing Spring TestDispatcherServlet ''
2023-08-01T09:42:01.338+02:00  INFO 8676 --- [    Test worker] o.s.t.web.servlet.TestDispatcherServlet  : Initializing Servlet ''
2023-08-01T09:42:01.339+02:00  INFO 8676 --- [    Test worker] o.s.t.web.servlet.TestDispatcherServlet  : Completed initialization in 1 ms
2023-08-01T09:42:01.357+02:00  INFO 8676 --- [    Test worker] o.s.b.w.embedded.tomcat.TomcatWebServer  : Tomcat started on port(s): 56372 (http) with context path ''
2023-08-01T09:42:01.364+02:00  INFO 8676 --- [    Test worker] de.tum.in.ase.eist.PersonServiceTest     : Started PersonServiceTest in 0.684 seconds (process running for 14.602)
2023-08-01T09:42:01.402+02:00  INFO 8676 --- [    Test worker] j.LocalContainerEntityManagerFactoryBean : Closing JPA EntityManagerFactory for persistence unit 'default'

  .   ____          _            __ _ _
 /\\ / ___'_ __ _ _(_)_ __  __ _ \ \ \ \
( ( )\___ | '_ | '_| | '_ \/ _` | \ \ \ \
 \\/  ___)| |_)| | | | | || (_| |  ) ) ) )
  '  |____| .__|_| |_|_| |_\__, | / / / /
 =========|_|==============|___/=/_/_/_/
 :: Spring Boot ::             (v3.0.0-M3)

2023-08-01T09:42:01.431+02:00  INFO 8676 --- [    Test worker] de.tum.in.ase.eist.PersonServiceTest     : Starting PersonServiceTest using Java 17.0.5 on MIRZA-SURFACE-8 with PID 8676 (started by mirza in C:\PROJEKTE\University\EIST\eist23h10e01-ge94gew)
2023-08-01T09:42:01.431+02:00  INFO 8676 --- [    Test worker] de.tum.in.ase.eist.PersonServiceTest     : No active profile set, falling back to 1 default profile: "default"
2023-08-01T09:42:01.601+02:00  INFO 8676 --- [    Test worker] .s.d.r.c.RepositoryConfigurationDelegate : Bootstrapping Spring Data JPA repositories in DEFAULT mode.
2023-08-01T09:42:01.610+02:00  INFO 8676 --- [    Test worker] .s.d.r.c.RepositoryConfigurationDelegate : Finished Spring Data repository scanning in 8 ms. Found 1 JPA repository interfaces.
2023-08-01T09:42:01.631+02:00  INFO 8676 --- [    Test worker] beddedDataSourceBeanFactoryPostProcessor : Replacing 'dataSource' DataSource bean with embedded version
2023-08-01T09:42:01.736+02:00  INFO 8676 --- [    Test worker] o.s.b.w.embedded.tomcat.TomcatWebServer  : Tomcat initialized with port(s): 0 (http)
2023-08-01T09:42:01.737+02:00  INFO 8676 --- [    Test worker] o.apache.catalina.core.StandardService   : Starting service [Tomcat]
2023-08-01T09:42:01.737+02:00  INFO 8676 --- [    Test worker] org.apache.catalina.core.StandardEngine  : Starting Servlet engine: [Apache Tomcat/10.0.21]
2023-08-01T09:42:01.780+02:00  INFO 8676 --- [    Test worker] o.a.c.c.C.[Tomcat].[localhost].[/]       : Initializing Spring embedded WebApplicationContext
2023-08-01T09:42:01.780+02:00  INFO 8676 --- [    Test worker] w.s.c.ServletWebServerApplicationContext : Root WebApplicationContext: initialization completed in 346 ms
2023-08-01T09:42:01.790+02:00  INFO 8676 --- [    Test worker] o.s.j.d.e.EmbeddedDatabaseFactory        : Starting embedded database: url='jdbc:h2:mem:05615dc0-fa38-41bd-8e29-5f29274e3402;DB_CLOSE_DELAY=-1;DB_CLOSE_ON_EXIT=false', username='sa'
2023-08-01T09:42:01.794+02:00  INFO 8676 --- [    Test worker] liquibase.database                       : Set default schema name to PUBLIC
2023-08-01T09:42:01.805+02:00  INFO 8676 --- [    Test worker] liquibase.lockservice                    : Changelog-Protokoll erfolgreich gesperrt.
2023-08-01T09:42:01.840+02:00  INFO 8676 --- [    Test worker] liquibase.changelog                      : Creating database history table with name: PUBLIC.DATABASECHANGELOG
2023-08-01T09:42:01.843+02:00  INFO 8676 --- [    Test worker] liquibase.changelog                      : Reading from PUBLIC.DATABASECHANGELOG
Running Changeset: liquibase/changelog/initial.xml::1::timor-morrien
2023-08-01T09:42:01.852+02:00  INFO 8676 --- [    Test worker] liquibase.changelog                      : Table person created
2023-08-01T09:42:01.852+02:00  INFO 8676 --- [    Test worker] liquibase.changelog                      : ChangeSet liquibase/changelog/initial.xml::1::timor-morrien ran successfully in 2ms
Running Changeset: liquibase/changelog/2022-06-01.xml::2::timor-morrien
2023-08-01T09:42:01.856+02:00  INFO 8676 --- [    Test worker] liquibase.changelog                      : Table person_parent_child created
2023-08-01T09:42:01.858+02:00  INFO 8676 --- [    Test worker] liquibase.changelog                      : Foreign key constraint added to person_parent_child (parent_id)
2023-08-01T09:42:01.860+02:00  INFO 8676 --- [    Test worker] liquibase.changelog                      : Foreign key constraint added to person_parent_child (child_id)
2023-08-01T09:42:01.862+02:00  INFO 8676 --- [    Test worker] liquibase.changelog                      : Primary key added to person_parent_child (parent_id,child_id)
2023-08-01T09:42:01.862+02:00  INFO 8676 --- [    Test worker] liquibase.changelog                      : ChangeSet liquibase/changelog/2022-06-01.xml::2::timor-morrien ran successfully in 7ms
2023-08-01T09:42:01.864+02:00  INFO 8676 --- [    Test worker] liquibase.lockservice                    : Successfully released change log lock
2023-08-01T09:42:01.882+02:00  INFO 8676 --- [    Test worker] o.hibernate.jpa.internal.util.LogHelper  : HHH000204: Processing PersistenceUnitInfo [name: default]
2023-08-01T09:42:01.889+02:00  INFO 8676 --- [    Test worker] org.hibernate.dialect.Dialect            : HHH000400: Using dialect: org.hibernate.dialect.MySQL8Dialect
2023-08-01T09:42:01.916+02:00  INFO 8676 --- [    Test worker] o.h.e.t.j.p.i.JtaPlatformInitiator       : HHH000490: Using JtaPlatform implementation: [org.hibernate.engine.transaction.jta.platform.internal.NoJtaPlatform]
2023-08-01T09:42:01.916+02:00  INFO 8676 --- [    Test worker] j.LocalContainerEntityManagerFactoryBean : Initialized JPA EntityManagerFactory for persistence unit 'default'
2023-08-01T09:42:02.054+02:00  WARN 8676 --- [    Test worker] ion$DefaultTemplateResolverConfiguration : Cannot find template location: classpath:/templates/ (please add some templates or check your Thymeleaf configuration)
2023-08-01T09:42:02.076+02:00  INFO 8676 --- [    Test worker] o.a.c.c.C.[Tomcat].[localhost].[/]       : Initializing Spring TestDispatcherServlet ''
2023-08-01T09:42:02.076+02:00  INFO 8676 --- [    Test worker] o.s.t.web.servlet.TestDispatcherServlet  : Initializing Servlet ''
2023-08-01T09:42:02.076+02:00  INFO 8676 --- [    Test worker] o.s.t.web.servlet.TestDispatcherServlet  : Completed initialization in 0 ms
2023-08-01T09:42:02.093+02:00  INFO 8676 --- [    Test worker] o.s.b.w.embedded.tomcat.TomcatWebServer  : Tomcat started on port(s): 56374 (http) with context path ''
2023-08-01T09:42:02.095+02:00  INFO 8676 --- [    Test worker] de.tum.in.ase.eist.PersonServiceTest     : Started PersonServiceTest in 0.691 seconds (process running for 15.334)
2023-08-01T09:42:02.136+02:00  INFO 8676 --- [    Test worker] j.LocalContainerEntityManagerFactoryBean : Closing JPA EntityManagerFactory for persistence unit 'default'

  .   ____          _            __ _ _
 /\\ / ___'_ __ _ _(_)_ __  __ _ \ \ \ \
( ( )\___ | '_ | '_| | '_ \/ _` | \ \ \ \
 \\/  ___)| |_)| | | | | || (_| |  ) ) ) )
  '  |____| .__|_| |_|_| |_\__, | / / / /
 =========|_|==============|___/=/_/_/_/
 :: Spring Boot ::             (v3.0.0-M3)

2023-08-01T09:42:02.163+02:00  INFO 8676 --- [    Test worker] de.tum.in.ase.eist.PersonServiceTest     : Starting PersonServiceTest using Java 17.0.5 on MIRZA-SURFACE-8 with PID 8676 (started by mirza in C:\PROJEKTE\University\EIST\eist23h10e01-ge94gew)
2023-08-01T09:42:02.163+02:00  INFO 8676 --- [    Test worker] de.tum.in.ase.eist.PersonServiceTest     : No active profile set, falling back to 1 default profile: "default"
2023-08-01T09:42:02.349+02:00  INFO 8676 --- [    Test worker] .s.d.r.c.RepositoryConfigurationDelegate : Bootstrapping Spring Data JPA repositories in DEFAULT mode.
2023-08-01T09:42:02.358+02:00  INFO 8676 --- [    Test worker] .s.d.r.c.RepositoryConfigurationDelegate : Finished Spring Data repository scanning in 8 ms. Found 1 JPA repository interfaces.
2023-08-01T09:42:02.381+02:00  INFO 8676 --- [    Test worker] beddedDataSourceBeanFactoryPostProcessor : Replacing 'dataSource' DataSource bean with embedded version
2023-08-01T09:42:02.492+02:00  INFO 8676 --- [    Test worker] o.s.b.w.embedded.tomcat.TomcatWebServer  : Tomcat initialized with port(s): 0 (http)
2023-08-01T09:42:02.493+02:00  INFO 8676 --- [    Test worker] o.apache.catalina.core.StandardService   : Starting service [Tomcat]
2023-08-01T09:42:02.493+02:00  INFO 8676 --- [    Test worker] org.apache.catalina.core.StandardEngine  : Starting Servlet engine: [Apache Tomcat/10.0.21]
2023-08-01T09:42:02.570+02:00  INFO 8676 --- [    Test worker] o.a.c.c.C.[Tomcat].[localhost].[/]       : Initializing Spring embedded WebApplicationContext
2023-08-01T09:42:02.570+02:00  INFO 8676 --- [    Test worker] w.s.c.ServletWebServerApplicationContext : Root WebApplicationContext: initialization completed in 405 ms
2023-08-01T09:42:02.582+02:00  INFO 8676 --- [    Test worker] o.s.j.d.e.EmbeddedDatabaseFactory        : Starting embedded database: url='jdbc:h2:mem:7ccecdb7-8be1-489e-b699-f7c20ba28be6;DB_CLOSE_DELAY=-1;DB_CLOSE_ON_EXIT=false', username='sa'
2023-08-01T09:42:02.586+02:00  INFO 8676 --- [    Test worker] liquibase.database                       : Set default schema name to PUBLIC
2023-08-01T09:42:02.596+02:00  INFO 8676 --- [    Test worker] liquibase.lockservice                    : Changelog-Protokoll erfolgreich gesperrt.
2023-08-01T09:42:02.630+02:00  INFO 8676 --- [    Test worker] liquibase.changelog                      : Creating database history table with name: PUBLIC.DATABASECHANGELOG
2023-08-01T09:42:02.633+02:00  INFO 8676 --- [    Test worker] liquibase.changelog                      : Reading from PUBLIC.DATABASECHANGELOG
Running Changeset: liquibase/changelog/initial.xml::1::timor-morrien
2023-08-01T09:42:02.644+02:00  INFO 8676 --- [    Test worker] liquibase.changelog                      : Table person created
2023-08-01T09:42:02.644+02:00  INFO 8676 --- [    Test worker] liquibase.changelog                      : ChangeSet liquibase/changelog/initial.xml::1::timor-morrien ran successfully in 3ms
Running Changeset: liquibase/changelog/2022-06-01.xml::2::timor-morrien
2023-08-01T09:42:02.648+02:00  INFO 8676 --- [    Test worker] liquibase.changelog                      : Table person_parent_child created
2023-08-01T09:42:02.650+02:00  INFO 8676 --- [    Test worker] liquibase.changelog                      : Foreign key constraint added to person_parent_child (parent_id)
2023-08-01T09:42:02.652+02:00  INFO 8676 --- [    Test worker] liquibase.changelog                      : Foreign key constraint added to person_parent_child (child_id)
2023-08-01T09:42:02.654+02:00  INFO 8676 --- [    Test worker] liquibase.changelog                      : Primary key added to person_parent_child (parent_id,child_id)
2023-08-01T09:42:02.654+02:00  INFO 8676 --- [    Test worker] liquibase.changelog                      : ChangeSet liquibase/changelog/2022-06-01.xml::2::timor-morrien ran successfully in 8ms
2023-08-01T09:42:02.656+02:00  INFO 8676 --- [    Test worker] liquibase.lockservice                    : Successfully released change log lock
2023-08-01T09:42:02.673+02:00  INFO 8676 --- [    Test worker] o.hibernate.jpa.internal.util.LogHelper  : HHH000204: Processing PersistenceUnitInfo [name: default]
2023-08-01T09:42:02.681+02:00  INFO 8676 --- [    Test worker] org.hibernate.dialect.Dialect            : HHH000400: Using dialect: org.hibernate.dialect.MySQL8Dialect
2023-08-01T09:42:02.706+02:00  INFO 8676 --- [    Test worker] o.h.e.t.j.p.i.JtaPlatformInitiator       : HHH000490: Using JtaPlatform implementation: [org.hibernate.engine.transaction.jta.platform.internal.NoJtaPlatform]
2023-08-01T09:42:02.706+02:00  INFO 8676 --- [    Test worker] j.LocalContainerEntityManagerFactoryBean : Initialized JPA EntityManagerFactory for persistence unit 'default'
2023-08-01T09:42:02.840+02:00  WARN 8676 --- [    Test worker] ion$DefaultTemplateResolverConfiguration : Cannot find template location: classpath:/templates/ (please add some templates or check your Thymeleaf configuration)
2023-08-01T09:42:02.867+02:00  INFO 8676 --- [    Test worker] o.a.c.c.C.[Tomcat].[localhost].[/]       : Initializing Spring TestDispatcherServlet ''
2023-08-01T09:42:02.867+02:00  INFO 8676 --- [    Test worker] o.s.t.web.servlet.TestDispatcherServlet  : Initializing Servlet ''
2023-08-01T09:42:02.868+02:00  INFO 8676 --- [    Test worker] o.s.t.web.servlet.TestDispatcherServlet  : Completed initialization in 1 ms
2023-08-01T09:42:02.906+02:00  INFO 8676 --- [    Test worker] o.s.b.w.embedded.tomcat.TomcatWebServer  : Tomcat started on port(s): 56376 (http) with context path ''
2023-08-01T09:42:02.909+02:00  INFO 8676 --- [    Test worker] de.tum.in.ase.eist.PersonServiceTest     : Started PersonServiceTest in 0.77 seconds (process running for 16.147)
]]></system-out>
  <system-err><![CDATA[]]></system-err>
</testsuite>
