<?xml version="1.0" encoding="UTF-8"?>
<testsuite name="de.tum.in.ase.eist.UniversityAppTest" tests="1" skipped="0" failures="0" errors="0" timestamp="2023-07-19T11:35:14" hostname="MIRZA-SURFACE-8" time="0.05">
  <properties/>
  <testcase name="testButtonText()" classname="de.tum.in.ase.eist.UniversityAppTest" time="0.05"/>
  <system-out><![CDATA[]]></system-out>
  <system-err><![CDATA[]]></system-err>
</testsuite>
